SF:lib\screens\auth\auth_page.dart
DA:17,1
DA:19,1
DA:20,1
DA:33,1
DA:35,1
DA:36,3
DA:37,3
DA:40,1
DA:41,3
DA:43,0
DA:44,0
DA:45,0
DA:48,0
DA:51,0
DA:52,0
DA:53,0
DA:54,0
DA:57,0
DA:58,0
DA:59,0
DA:62,0
DA:64,0
DA:68,0
DA:69,0
DA:71,0
DA:72,0
DA:73,0
DA:76,0
DA:77,0
DA:81,0
DA:82,0
DA:86,1
DA:88,1
DA:89,3
DA:90,1
DA:91,1
DA:93,1
DA:96,1
DA:98,1
DA:100,3
DA:103,1
DA:106,1
DA:108,4
DA:109,2
DA:113,1
DA:116,1
DA:118,1
DA:120,3
DA:123,1
DA:126,1
DA:128,4
DA:129,2
DA:133,1
DA:136,1
DA:138,1
DA:140,3
DA:143,1
DA:146,5
DA:148,1
DA:150,1
DA:152,3
DA:157,1
DA:158,1
DA:160,1
DA:162,1
DA:163,1
DA:165,1
DA:168,3
DA:176,1
DA:178,1
DA:182,1
DA:183,1
DA:184,1
DA:187,1
DA:188,1
DA:190,1
DA:192,1
DA:194,1
DA:196,2
DA:200,3
DA:201,1
DA:202,1
DA:210,1
DA:211,1
DA:216,0
DA:219,1
DA:221,1
DA:223,1
DA:225,1
DA:227,2
DA:231,3
DA:232,1
DA:233,1
DA:239,1
DA:241,2
DA:247,0
DA:250,1
DA:251,0
DA:252,0
DA:253,0
DA:254,0
DA:258,1
DA:259,0
DA:261,1
DA:262,1
DA:263,1
DA:265,3
DA:267,3
DA:268,1
DA:269,1
DA:277,1
DA:278,1
DA:286,1
DA:287,1
DA:288,5
DA:289,1
DA:290,1
DA:293,1
DA:295,3
DA:312,1
DA:313,1
DA:316,1
LF:122
LH:93
end_of_record
SF:lib\core\services\auth_service.dart
DA:6,0
DA:7,0
DA:9,0
DA:10,0
DA:12,0
DA:16,0
DA:20,0
DA:23,0
DA:27,0
DA:31,0
DA:34,0
DA:35,0
LF:12
LH:0
end_of_record
SF:lib\core\providers\user_repository_provider.dart
DA:7,0
DA:8,0
DA:12,0
LF:3
LH:0
end_of_record
SF:lib\core\services\firebase_user_repository.dart
DA:10,0
DA:11,0
DA:14,0
DA:23,0
DA:33,0
DA:35,0
DA:45,0
DA:47,0
DA:48,0
DA:49,0
DA:55,0
DA:57,0
DA:61,0
DA:63,0
DA:67,0
DA:69,0
DA:73,0
DA:75,0
DA:79,0
DA:81,0
DA:82,0
DA:86,0
DA:88,0
DA:93,0
DA:95,0
DA:96,0
DA:98,0
DA:99,0
DA:102,0
DA:107,0
DA:109,0
DA:110,0
DA:112,0
DA:113,0
DA:116,0
DA:120,0
DA:122,0
DA:123,0
DA:127,0
DA:129,0
DA:130,0
DA:134,0
DA:136,0
DA:137,0
DA:141,0
DA:143,0
DA:144,0
DA:146,0
DA:147,0
LF:49
LH:0
end_of_record
